SupFitness/SupFitness3/app/build/outputs/logs/manifest-merger-debug-report.txt
-- Merging decision tree log ---
manifest
ADDED from src\main\AndroidManifest.xml:2:1-53:12
	package
		ADDED from src\main\AndroidManifest.xml:3:5-44
		INJECTED from src\main\AndroidManifest.xml
		INJECTED from src\main\AndroidManifest.xml
	android:versionName
		INJECTED from src\main\AndroidManifest.xml
		INJECTED from src\main\AndroidManifest.xml
	xmlns:android
		ADDED from src\main\AndroidManifest.xml:2:11-69
	android:versionCode
		INJECTED from src\main\AndroidManifest.xml
		INJECTED from src\main\AndroidManifest.xml
uses-sdk
ADDED from src\main\AndroidManifest.xml:5:5-7:41
MERGED from [com.android.support:appcompat-v7:23.2.1] AndroidManifest.xml:21:5-23:78
MERGED from [com.android.support:support-v4:23.2.1] AndroidManifest.xml:20:5-43
MERGED from [com.android.support:animated-vector-drawable:23.2.1] AndroidManifest.xml:5:5-44
MERGED from [com.android.support:support-vector-drawable:23.2.1] AndroidManifest.xml:5:5-43
MERGED from [com.android.support:support-v4:23.2.1] AndroidManifest.xml:20:5-43
MERGED from [com.android.support:support-vector-drawable:23.2.1] AndroidManifest.xml:5:5-43
MERGED from [com.android.support:support-v4:23.2.1] AndroidManifest.xml:20:5-43
MERGED from [com.android.support:support-v4:23.2.1] AndroidManifest.xml:20:5-43
MERGED from [com.google.android.gms:play-services:8.4.0] AndroidManifest.xml:18:5-42
MERGED from [com.google.android.gms:play-services-ads:8.4.0] AndroidManifest.xml:23:5-42
MERGED from [com.google.android.gms:play-services-basement:8.4.0] AndroidManifest.xml:18:5-42
MERGED from [com.android.support:support-v4:23.2.1] AndroidManifest.xml:20:5-43
MERGED from [com.google.android.gms:play-services-analytics:8.4.0] AndroidManifest.xml:18:5-42
MERGED from [com.google.android.gms:play-services-basement:8.4.0] AndroidManifest.xml:18:5-42
MERGED from [com.android.support:support-v4:23.2.1] AndroidManifest.xml:20:5-43
MERGED from [com.google.android.gms:play-services-appindexing:8.4.0] AndroidManifest.xml:18:5-42
MERGED from [com.google.android.gms:play-services-base:8.4.0] AndroidManifest.xml:18:5-42
MERGED from [com.google.android.gms:play-services-basement:8.4.0] AndroidManifest.xml:18:5-42
MERGED from [com.android.support:support-v4:23.2.1] AndroidManifest.xml:20:5-43
MERGED from [com.google.android.gms:play-services-appinvite:8.4.0] AndroidManifest.xml:18:5-42
MERGED from [com.google.android.gms:play-services-base:8.4.0] AndroidManifest.xml:18:5-42
MERGED from [com.google.android.gms:play-services-basement:8.4.0] AndroidManifest.xml:18:5-42
MERGED from [com.android.support:support-v4:23.2.1] AndroidManifest.xml:20:5-43
MERGED from [com.google.android.gms:play-services-appstate:8.4.0] AndroidManifest.xml:18:5-42
MERGED from [com.google.android.gms:play-services-base:8.4.0] AndroidManifest.xml:18:5-42
MERGED from [com.google.android.gms:play-services-basement:8.4.0] AndroidManifest.xml:18:5-42
MERGED from [com.android.support:support-v4:23.2.1] AndroidManifest.xml:20:5-43
MERGED from [com.google.android.gms:play-services-auth:8.4.0] AndroidManifest.xml:18:5-43
MERGED from [com.google.android.gms:play-services-base:8.4.0] AndroidManifest.xml:18:5-42
MERGED from [com.google.android.gms:play-services-basement:8.4.0] AndroidManifest.xml:18:5-42
MERGED from [com.android.support:support-v4:23.2.1] AndroidManifest.xml:20:5-43
MERGED from [com.google.android.gms:play-services-base:8.4.0] AndroidManifest.xml:18:5-42
MERGED from [com.google.android.gms:play-services-basement:8.4.0] AndroidManifest.xml:18:5-42
MERGED from [com.android.support:support-v4:23.2.1] AndroidManifest.xml:20:5-43
MERGED from [com.google.android.gms:play-services-basement:8.4.0] AndroidManifest.xml:18:5-42
MERGED from [com.android.support:support-v4:23.2.1] AndroidManifest.xml:20:5-43
MERGED from [com.google.android.gms:play-services-cast:8.4.0] AndroidManifest.xml:18:5-42
MERGED from [com.google.android.gms:play-services-base:8.4.0] AndroidManifest.xml:18:5-42
MERGED from [com.google.android.gms:play-services-basement:8.4.0] AndroidManifest.xml:18:5-42
MERGED from [com.android.support:support-v4:23.2.1] AndroidManifest.xml:20:5-43
MERGED from [com.android.support:mediarouter-v7:23.0.0] AndroidManifest.xml:20:5-43
MERGED from [com.android.support:appcompat-v7:23.2.1] AndroidManifest.xml:21:5-23:78
MERGED from [com.android.support:support-v4:23.2.1] AndroidManifest.xml:20:5-43
MERGED from [com.android.support:animated-vector-drawable:23.2.1] AndroidManifest.xml:5:5-44
MERGED from [com.android.support:support-vector-drawable:23.2.1] AndroidManifest.xml:5:5-43
MERGED from [com.android.support:support-v4:23.2.1] AndroidManifest.xml:20:5-43
MERGED from [com.android.support:support-vector-drawable:23.2.1] AndroidManifest.xml:5:5-43
MERGED from [com.android.support:support-v4:23.2.1] AndroidManifest.xml:20:5-43
MERGED from [com.google.android.gms:play-services-drive:8.4.0] AndroidManifest.xml:18:5-42
MERGED from [com.google.android.gms:play-services-base:8.4.0] AndroidManifest.xml:18:5-42
MERGED from [com.google.android.gms:play-services-basement:8.4.0] AndroidManifest.xml:18:5-42
MERGED from [com.android.support:support-v4:23.2.1] AndroidManifest.xml:20:5-43
MERGED from [com.google.android.gms:play-services-fitness:8.4.0] AndroidManifest.xml:18:5-42
MERGED from [com.google.android.gms:play-services-base:8.4.0] AndroidManifest.xml:18:5-42
MERGED from [com.google.android.gms:play-services-basement:8.4.0] AndroidManifest.xml:18:5-42
MERGED from [com.android.support:support-v4:23.2.1] AndroidManifest.xml:20:5-43
MERGED from [com.google.android.gms:play-services-location:8.4.0] AndroidManifest.xml:18:5-42
MERGED from [com.google.android.gms:play-services-base:8.4.0] AndroidManifest.xml:18:5-42
MERGED from [com.google.android.gms:play-services-basement:8.4.0] AndroidManifest.xml:18:5-42
MERGED from [com.android.support:support-v4:23.2.1] AndroidManifest.xml:20:5-43
MERGED from [com.google.android.gms:play-services-maps:8.4.0] AndroidManifest.xml:26:5-42
MERGED from [com.google.android.gms:play-services-base:8.4.0] AndroidManifest.xml:18:5-42
MERGED from [com.google.android.gms:play-services-basement:8.4.0] AndroidManifest.xml:18:5-42
MERGED from [com.android.support:support-v4:23.2.1] AndroidManifest.xml:20:5-43
MERGED from [com.google.android.gms:play-services-games:8.4.0] AndroidManifest.xml:18:5-42
MERGED from [com.google.android.gms:play-services-base:8.4.0] AndroidManifest.xml:18:5-42
MERGED from [com.google.android.gms:play-services-basement:8.4.0] AndroidManifest.xml:18:5-42
MERGED from [com.android.support:support-v4:23.2.1] AndroidManifest.xml:20:5-43
MERGED from [com.google.android.gms:play-services-drive:8.4.0] AndroidManifest.xml:18:5-42
MERGED from [com.google.android.gms:play-services-base:8.4.0] AndroidManifest.xml:18:5-42
MERGED from [com.google.android.gms:play-services-basement:8.4.0] AndroidManifest.xml:18:5-42
MERGED from [com.android.support:support-v4:23.2.1] AndroidManifest.xml:20:5-43
MERGED from [com.google.android.gms:play-services-gcm:8.4.0] AndroidManifest.xml:18:5-42
MERGED from [com.google.android.gms:play-services-base:8.4.0] AndroidManifest.xml:18:5-42
MERGED from [com.google.android.gms:play-services-basement:8.4.0] AndroidManifest.xml:18:5-42
MERGED from [com.android.support:support-v4:23.2.1] AndroidManifest.xml:20:5-43
MERGED from [com.google.android.gms:play-services-measurement:8.4.0] AndroidManifest.xml:18:5-42
MERGED from [com.google.android.gms:play-services-basement:8.4.0] AndroidManifest.xml:18:5-42
MERGED from [com.android.support:support-v4:23.2.1] AndroidManifest.xml:20:5-43
MERGED from [com.google.android.gms:play-services-identity:8.4.0] AndroidManifest.xml:18:5-42
MERGED from [com.google.android.gms:play-services-base:8.4.0] AndroidManifest.xml:18:5-42
MERGED from [com.google.android.gms:play-services-basement:8.4.0] AndroidManifest.xml:18:5-42
MERGED from [com.android.support:support-v4:23.2.1] AndroidManifest.xml:20:5-43
MERGED from [com.google.android.gms:play-services-location:8.4.0] AndroidManifest.xml:18:5-42
MERGED from [com.google.android.gms:play-services-base:8.4.0] AndroidManifest.xml:18:5-42
MERGED from [com.google.android.gms:play-services-basement:8.4.0] AndroidManifest.xml:18:5-42
MERGED from [com.android.support:support-v4:23.2.1] AndroidManifest.xml:20:5-43
MERGED from [com.google.android.gms:play-services-maps:8.4.0] AndroidManifest.xml:26:5-42
MERGED from [com.google.android.gms:play-services-base:8.4.0] AndroidManifest.xml:18:5-42
MERGED from [com.google.android.gms:play-services-basement:8.4.0] AndroidManifest.xml:18:5-42
MERGED from [com.android.support:support-v4:23.2.1] AndroidManifest.xml:20:5-43
MERGED from [com.google.android.gms:play-services-maps:8.4.0] AndroidManifest.xml:26:5-42
MERGED from [com.google.android.gms:play-services-base:8.4.0] AndroidManifest.xml:18:5-42
MERGED from [com.google.android.gms:play-services-basement:8.4.0] AndroidManifest.xml:18:5-42
MERGED from [com.android.support:support-v4:23.2.1] AndroidManifest.xml:20:5-43
MERGED from [com.google.android.gms:play-services-measurement:8.4.0] AndroidManifest.xml:18:5-42
MERGED from [com.google.android.gms:play-services-basement:8.4.0] AndroidManifest.xml:18:5-42
MERGED from [com.android.support:support-v4:23.2.1] AndroidManifest.xml:20:5-43
MERGED from [com.google.android.gms:play-services-nearby:8.4.0] AndroidManifest.xml:18:5-42
MERGED from [com.google.android.gms:play-services-base:8.4.0] AndroidManifest.xml:18:5-42
MERGED from [com.google.android.gms:play-services-basement:8.4.0] AndroidManifest.xml:18:5-42
MERGED from [com.android.support:support-v4:23.2.1] AndroidManifest.xml:20:5-43
MERGED from [com.google.android.gms:play-services-panorama:8.4.0] AndroidManifest.xml:18:5-42
MERGED from [com.google.android.gms:play-services-base:8.4.0] AndroidManifest.xml:18:5-42
MERGED from [com.google.android.gms:play-services-basement:8.4.0] AndroidManifest.xml:18:5-42
MERGED from [com.android.support:support-v4:23.2.1] AndroidManifest.xml:20:5-43
MERGED from [com.google.android.gms:play-services-plus:8.4.0] AndroidManifest.xml:18:5-42
MERGED from [com.google.android.gms:play-services-base:8.4.0] AndroidManifest.xml:18:5-42
MERGED from [com.google.android.gms:play-services-basement:8.4.0] AndroidManifest.xml:18:5-42
MERGED from [com.android.support:support-v4:23.2.1] AndroidManifest.xml:20:5-43
MERGED from [com.google.android.gms:play-services-safetynet:8.4.0] AndroidManifest.xml:18:5-42
MERGED from [com.google.android.gms:play-services-base:8.4.0] AndroidManifest.xml:18:5-42
MERGED from [com.google.android.gms:play-services-basement:8.4.0] AndroidManifest.xml:18:5-42
MERGED from [com.android.support:support-v4:23.2.1] AndroidManifest.xml:20:5-43
MERGED from [com.google.android.gms:play-services-vision:8.4.0] AndroidManifest.xml:4:5-42
MERGED from [com.google.android.gms:play-services-base:8.4.0] AndroidManifest.xml:18:5-42
MERGED from [com.google.android.gms:play-services-basement:8.4.0] AndroidManifest.xml:18:5-42
MERGED from [com.android.support:support-v4:23.2.1] AndroidManifest.xml:20:5-43
MERGED from [com.google.android.gms:play-services-wallet:8.4.0] AndroidManifest.xml:19:5-42
MERGED from [com.google.android.gms:play-services-base:8.4.0] AndroidManifest.xml:18:5-42
MERGED from [com.google.android.gms:play-services-basement:8.4.0] AndroidManifest.xml:18:5-42
MERGED from [com.android.support:support-v4:23.2.1] AndroidManifest.xml:20:5-43
MERGED from [com.google.android.gms:play-services-identity:8.4.0] AndroidManifest.xml:18:5-42
MERGED from [com.google.android.gms:play-services-base:8.4.0] AndroidManifest.xml:18:5-42
MERGED from [com.google.android.gms:play-services-basement:8.4.0] AndroidManifest.xml:18:5-42
MERGED from [com.android.support:support-v4:23.2.1] AndroidManifest.xml:20:5-43
MERGED from [com.google.android.gms:play-services-maps:8.4.0] AndroidManifest.xml:26:5-42
MERGED from [com.google.android.gms:play-services-base:8.4.0] AndroidManifest.xml:18:5-42
MERGED from [com.google.android.gms:play-services-basement:8.4.0] AndroidManifest.xml:18:5-42
MERGED from [com.android.support:support-v4:23.2.1] AndroidManifest.xml:20:5-43
MERGED from [com.google.android.gms:play-services-wearable:8.4.0] AndroidManifest.xml:18:5-42
MERGED from [com.google.android.gms:play-services-base:8.4.0] AndroidManifest.xml:18:5-42
MERGED from [com.google.android.gms:play-services-basement:8.4.0] AndroidManifest.xml:18:5-42
MERGED from [com.android.support:support-v4:23.2.1] AndroidManifest.xml:20:5-43
	tools:overrideLibrary
		ADDED from [com.android.support:appcompat-v7:23.2.1] AndroidManifest.xml:23:9-75
	android:targetSdkVersion
		ADDED from src\main\AndroidManifest.xml:7:9-38
		INJECTED from src\main\AndroidManifest.xml
		INJECTED from src\main\AndroidManifest.xml
	android:minSdkVersion
		ADDED from src\main\AndroidManifest.xml:6:9-35
		INJECTED from src\main\AndroidManifest.xml
		INJECTED from src\main\AndroidManifest.xml
uses-permission#android.permission.ACCESS_NETWORK_STATE
ADDED from src\main\AndroidManifest.xml:13:5-79
MERGED from [com.google.android.gms:play-services-ads:8.4.0] AndroidManifest.xml:21:5-78
MERGED from [com.google.android.gms:play-services-analytics:8.4.0] AndroidManifest.xml:22:5-79
MERGED from [com.google.android.gms:play-services-maps:8.4.0] AndroidManifest.xml:20:5-78
MERGED from [com.google.android.gms:play-services-measurement:8.4.0] AndroidManifest.xml:22:5-79
MERGED from [com.google.android.gms:play-services-maps:8.4.0] AndroidManifest.xml:20:5-78
MERGED from [com.google.android.gms:play-services-maps:8.4.0] AndroidManifest.xml:20:5-78
MERGED from [com.google.android.gms:play-services-measurement:8.4.0] AndroidManifest.xml:22:5-79
MERGED from [com.google.android.gms:play-services-nearby:8.4.0] AndroidManifest.xml:19:5-79
MERGED from [com.google.android.gms:play-services-maps:8.4.0] AndroidManifest.xml:20:5-78
	android:name
		ADDED from src\main\AndroidManifest.xml:13:22-76
uses-permission#android.permission.INTERNET
ADDED from src\main\AndroidManifest.xml:14:5-67
MERGED from [com.google.android.gms:play-services-ads:8.4.0] AndroidManifest.xml:20:5-66
MERGED from [com.google.android.gms:play-services-analytics:8.4.0] AndroidManifest.xml:21:5-67
MERGED from [com.google.android.gms:play-services-appinvite:8.4.0] AndroidManifest.xml:19:5-67
MERGED from [com.google.android.gms:play-services-maps:8.4.0] AndroidManifest.xml:21:5-66
MERGED from [com.google.android.gms:play-services-gcm:8.4.0] AndroidManifest.xml:22:5-67
MERGED from [com.google.android.gms:play-services-measurement:8.4.0] AndroidManifest.xml:21:5-67
MERGED from [com.google.android.gms:play-services-maps:8.4.0] AndroidManifest.xml:21:5-66
MERGED from [com.google.android.gms:play-services-maps:8.4.0] AndroidManifest.xml:21:5-66
MERGED from [com.google.android.gms:play-services-measurement:8.4.0] AndroidManifest.xml:21:5-67
MERGED from [com.google.android.gms:play-services-maps:8.4.0] AndroidManifest.xml:21:5-66
	android:name
		ADDED from src\main\AndroidManifest.xml:14:22-64
uses-permission#com.google.android.providers.gsf.permission.READ_GSERVICES
ADDED from src\main\AndroidManifest.xml:15:5-98
	android:name
		ADDED from src\main\AndroidManifest.xml:15:22-95
uses-permission#android.permission.WRITE_EXTERNAL_STORAGE
ADDED from src\main\AndroidManifest.xml:17:5-81
	android:name
		ADDED from src\main\AndroidManifest.xml:17:22-78
uses-permission#android.permission.ACCESS_COARSE_LOCATION
ADDED from src\main\AndroidManifest.xml:19:5-81
	android:name
		ADDED from src\main\AndroidManifest.xml:19:22-78
uses-permission#android.permission.ACCESS_FINE_LOCATION
ADDED from src\main\AndroidManifest.xml:20:5-79
	android:name
		ADDED from src\main\AndroidManifest.xml:20:22-76
application
ADDED from src\main\AndroidManifest.xml:22:5-51:19
MERGED from [com.android.support:appcompat-v7:23.2.1] AndroidManifest.xml:25:5-20
MERGED from [com.android.support:support-v4:23.2.1] AndroidManifest.xml:22:5-20
MERGED from [com.android.support:animated-vector-drawable:23.2.1] AndroidManifest.xml:7:5-20
MERGED from [com.android.support:support-vector-drawable:23.2.1] AndroidManifest.xml:7:5-20
MERGED from [com.android.support:support-v4:23.2.1] AndroidManifest.xml:22:5-20
MERGED from [com.android.support:support-vector-drawable:23.2.1] AndroidManifest.xml:7:5-20
MERGED from [com.android.support:support-v4:23.2.1] AndroidManifest.xml:22:5-20
MERGED from [com.android.support:support-v4:23.2.1] AndroidManifest.xml:22:5-20
MERGED from [com.google.android.gms:play-services:8.4.0] AndroidManifest.xml:19:5-20
MERGED from [com.google.android.gms:play-services-ads:8.4.0] AndroidManifest.xml:24:5-32:19
MERGED from [com.google.android.gms:play-services-basement:8.4.0] AndroidManifest.xml:20:5-24:19
MERGED from [com.android.support:support-v4:23.2.1] AndroidManifest.xml:22:5-20
MERGED from [com.google.android.gms:play-services-analytics:8.4.0] AndroidManifest.xml:24:5-20
MERGED from [com.google.android.gms:play-services-basement:8.4.0] AndroidManifest.xml:20:5-24:19
MERGED from [com.android.support:support-v4:23.2.1] AndroidManifest.xml:22:5-20
MERGED from [com.google.android.gms:play-services-appindexing:8.4.0] AndroidManifest.xml:19:5-20
MERGED from [com.google.android.gms:play-services-basement:8.4.0] AndroidManifest.xml:20:5-24:19
MERGED from [com.android.support:support-v4:23.2.1] AndroidManifest.xml:22:5-20
MERGED from [com.google.android.gms:play-services-appinvite:8.4.0] AndroidManifest.xml:20:5-30:19
MERGED from [com.google.android.gms:play-services-basement:8.4.0] AndroidManifest.xml:20:5-24:19
MERGED from [com.android.support:support-v4:23.2.1] AndroidManifest.xml:22:5-20
MERGED from [com.google.android.gms:play-services-appstate:8.4.0] AndroidManifest.xml:19:5-20
MERGED from [com.google.android.gms:play-services-basement:8.4.0] AndroidManifest.xml:20:5-24:19
MERGED from [com.android.support:support-v4:23.2.1] AndroidManifest.xml:22:5-20
MERGED from [com.google.android.gms:play-services-auth:8.4.0] AndroidManifest.xml:20:5-32:19
MERGED from [com.google.android.gms:play-services-basement:8.4.0] AndroidManifest.xml:20:5-24:19
MERGED from [com.android.support:support-v4:23.2.1] AndroidManifest.xml:22:5-20
MERGED from [com.google.android.gms:play-services-basement:8.4.0] AndroidManifest.xml:20:5-24:19
MERGED from [com.android.support:support-v4:23.2.1] AndroidManifest.xml:22:5-20
MERGED from [com.google.android.gms:play-services-basement:8.4.0] AndroidManifest.xml:20:5-24:19
MERGED from [com.android.support:support-v4:23.2.1] AndroidManifest.xml:22:5-20
MERGED from [com.google.android.gms:play-services-cast:8.4.0] AndroidManifest.xml:19:5-20
MERGED from [com.google.android.gms:play-services-basement:8.4.0] AndroidManifest.xml:20:5-24:19
MERGED from [com.android.support:support-v4:23.2.1] AndroidManifest.xml:22:5-20
MERGED from [com.android.support:mediarouter-v7:23.0.0] AndroidManifest.xml:22:5-20
MERGED from [com.android.support:appcompat-v7:23.2.1] AndroidManifest.xml:25:5-20
MERGED from [com.android.support:support-v4:23.2.1] AndroidManifest.xml:22:5-20
MERGED from [com.android.support:animated-vector-drawable:23.2.1] AndroidManifest.xml:7:5-20
MERGED from [com.android.support:support-vector-drawable:23.2.1] AndroidManifest.xml:7:5-20
MERGED from [com.android.support:support-v4:23.2.1] AndroidManifest.xml:22:5-20
MERGED from [com.android.support:support-vector-drawable:23.2.1] AndroidManifest.xml:7:5-20
MERGED from [com.android.support:support-v4:23.2.1] AndroidManifest.xml:22:5-20
MERGED from [com.google.android.gms:play-services-drive:8.4.0] AndroidManifest.xml:19:5-20
MERGED from [com.google.android.gms:play-services-basement:8.4.0] AndroidManifest.xml:20:5-24:19
MERGED from [com.android.support:support-v4:23.2.1] AndroidManifest.xml:22:5-20
MERGED from [com.google.android.gms:play-services-fitness:8.4.0] AndroidManifest.xml:19:5-20
MERGED from [com.google.android.gms:play-services-basement:8.4.0] AndroidManifest.xml:20:5-24:19
MERGED from [com.android.support:support-v4:23.2.1] AndroidManifest.xml:22:5-20
MERGED from [com.google.android.gms:play-services-location:8.4.0] AndroidManifest.xml:19:5-20
MERGED from [com.google.android.gms:play-services-basement:8.4.0] AndroidManifest.xml:20:5-24:19
MERGED from [com.android.support:support-v4:23.2.1] AndroidManifest.xml:22:5-20
MERGED from [com.google.android.gms:play-services-maps:8.4.0] AndroidManifest.xml:27:5-20
MERGED from [com.google.android.gms:play-services-basement:8.4.0] AndroidManifest.xml:20:5-24:19
MERGED from [com.android.support:support-v4:23.2.1] AndroidManifest.xml:22:5-20
MERGED from [com.google.android.gms:play-services-games:8.4.0] AndroidManifest.xml:19:5-20
MERGED from [com.google.android.gms:play-services-basement:8.4.0] AndroidManifest.xml:20:5-24:19
MERGED from [com.android.support:support-v4:23.2.1] AndroidManifest.xml:22:5-20
MERGED from [com.google.android.gms:play-services-drive:8.4.0] AndroidManifest.xml:19:5-20
MERGED from [com.google.android.gms:play-services-basement:8.4.0] AndroidManifest.xml:20:5-24:19
MERGED from [com.android.support:support-v4:23.2.1] AndroidManifest.xml:22:5-20
MERGED from [com.google.android.gms:play-services-gcm:8.4.0] AndroidManifest.xml:24:5-20
MERGED from [com.google.android.gms:play-services-basement:8.4.0] AndroidManifest.xml:20:5-24:19
MERGED from [com.android.support:support-v4:23.2.1] AndroidManifest.xml:22:5-20
MERGED from [com.google.android.gms:play-services-measurement:8.4.0] AndroidManifest.xml:26:5-46:19
MERGED from [com.google.android.gms:play-services-basement:8.4.0] AndroidManifest.xml:20:5-24:19
MERGED from [com.android.support:support-v4:23.2.1] AndroidManifest.xml:22:5-20
MERGED from [com.google.android.gms:play-services-identity:8.4.0] AndroidManifest.xml:19:5-20
MERGED from [com.google.android.gms:play-services-basement:8.4.0] AndroidManifest.xml:20:5-24:19
MERGED from [com.android.support:support-v4:23.2.1] AndroidManifest.xml:22:5-20
MERGED from [com.google.android.gms:play-services-location:8.4.0] AndroidManifest.xml:19:5-20
MERGED from [com.google.android.gms:play-services-basement:8.4.0] AndroidManifest.xml:20:5-24:19
MERGED from [com.android.support:support-v4:23.2.1] AndroidManifest.xml:22:5-20
MERGED from [com.google.android.gms:play-services-maps:8.4.0] AndroidManifest.xml:27:5-20
MERGED from [com.google.android.gms:play-services-basement:8.4.0] AndroidManifest.xml:20:5-24:19
MERGED from [com.android.support:support-v4:23.2.1] AndroidManifest.xml:22:5-20
MERGED from [com.google.android.gms:play-services-maps:8.4.0] AndroidManifest.xml:27:5-20
MERGED from [com.google.android.gms:play-services-basement:8.4.0] AndroidManifest.xml:20:5-24:19
MERGED from [com.android.support:support-v4:23.2.1] AndroidManifest.xml:22:5-20
MERGED from [com.google.android.gms:play-services-measurement:8.4.0] AndroidManifest.xml:26:5-46:19
MERGED from [com.google.android.gms:play-services-basement:8.4.0] AndroidManifest.xml:20:5-24:19
MERGED from [com.android.support:support-v4:23.2.1] AndroidManifest.xml:22:5-20
MERGED from [com.google.android.gms:play-services-nearby:8.4.0] AndroidManifest.xml:20:5-20
MERGED from [com.google.android.gms:play-services-basement:8.4.0] AndroidManifest.xml:20:5-24:19
MERGED from [com.android.support:support-v4:23.2.1] AndroidManifest.xml:22:5-20
MERGED from [com.google.android.gms:play-services-panorama:8.4.0] AndroidManifest.xml:19:5-20
MERGED from [com.google.android.gms:play-services-basement:8.4.0] AndroidManifest.xml:20:5-24:19
MERGED from [com.android.support:support-v4:23.2.1] AndroidManifest.xml:22:5-20
MERGED from [com.google.android.gms:play-services-plus:8.4.0] AndroidManifest.xml:19:5-20
MERGED from [com.google.android.gms:play-services-basement:8.4.0] AndroidManifest.xml:20:5-24:19
MERGED from [com.android.support:support-v4:23.2.1] AndroidManifest.xml:22:5-20
MERGED from [com.google.android.gms:play-services-safetynet:8.4.0] AndroidManifest.xml:19:5-20
MERGED from [com.google.android.gms:play-services-basement:8.4.0] AndroidManifest.xml:20:5-24:19
MERGED from [com.android.support:support-v4:23.2.1] AndroidManifest.xml:22:5-20
MERGED from [com.google.android.gms:play-services-vision:8.4.0] AndroidManifest.xml:5:5-20
MERGED from [com.google.android.gms:play-services-basement:8.4.0] AndroidManifest.xml:20:5-24:19
MERGED from [com.android.support:support-v4:23.2.1] AndroidManifest.xml:22:5-20
MERGED from [com.google.android.gms:play-services-basement:8.4.0] AndroidManifest.xml:20:5-24:19
MERGED from [com.android.support:support-v4:23.2.1] AndroidManifest.xml:22:5-20
MERGED from [com.google.android.gms:play-services-identity:8.4.0] AndroidManifest.xml:19:5-20
MERGED from [com.google.android.gms:play-services-basement:8.4.0] AndroidManifest.xml:20:5-24:19
MERGED from [com.android.support:support-v4:23.2.1] AndroidManifest.xml:22:5-20
MERGED from [com.google.android.gms:play-services-maps:8.4.0] AndroidManifest.xml:27:5-20
MERGED from [com.google.android.gms:play-services-basement:8.4.0] AndroidManifest.xml:20:5-24:19
MERGED from [com.android.support:support-v4:23.2.1] AndroidManifest.xml:22:5-20
MERGED from [com.google.android.gms:play-services-wearable:8.4.0] AndroidManifest.xml:19:5-20
MERGED from [com.google.android.gms:play-services-basement:8.4.0] AndroidManifest.xml:20:5-24:19
MERGED from [com.android.support:support-v4:23.2.1] AndroidManifest.xml:22:5-20
	android:label
		ADDED from src\main\AndroidManifest.xml:25:9-41
	android:supportsRtl
		ADDED from src\main\AndroidManifest.xml:26:9-35
	android:allowBackup
		ADDED from src\main\AndroidManifest.xml:23:9-35
	android:icon
		ADDED from src\main\AndroidManifest.xml:24:9-36
	android:theme
		ADDED from src\main\AndroidManifest.xml:27:9-40
meta-data#com.google.android.gms.version
ADDED from src\main\AndroidManifest.xml:29:9-31:69
MERGED from [com.google.android.gms:play-services-basement:8.4.0] AndroidManifest.xml:21:9-23:69
MERGED from [com.google.android.gms:play-services-basement:8.4.0] AndroidManifest.xml:21:9-23:69
MERGED from [com.google.android.gms:play-services-basement:8.4.0] AndroidManifest.xml:21:9-23:69
MERGED from [com.google.android.gms:play-services-basement:8.4.0] AndroidManifest.xml:21:9-23:69
MERGED from [com.google.android.gms:play-services-basement:8.4.0] AndroidManifest.xml:21:9-23:69
MERGED from [com.google.android.gms:play-services-basement:8.4.0] AndroidManifest.xml:21:9-23:69
MERGED from [com.google.android.gms:play-services-basement:8.4.0] AndroidManifest.xml:21:9-23:69
MERGED from [com.google.android.gms:play-services-basement:8.4.0] AndroidManifest.xml:21:9-23:69
MERGED from [com.google.android.gms:play-services-basement:8.4.0] AndroidManifest.xml:21:9-23:69
MERGED from [com.google.android.gms:play-services-basement:8.4.0] AndroidManifest.xml:21:9-23:69
MERGED from [com.google.android.gms:play-services-basement:8.4.0] AndroidManifest.xml:21:9-23:69
MERGED from [com.google.android.gms:play-services-basement:8.4.0] AndroidManifest.xml:21:9-23:69
MERGED from [com.google.android.gms:play-services-basement:8.4.0] AndroidManifest.xml:21:9-23:69
MERGED from [com.google.android.gms:play-services-basement:8.4.0] AndroidManifest.xml:21:9-23:69
MERGED from [com.google.android.gms:play-services-basement:8.4.0] AndroidManifest.xml:21:9-23:69
MERGED from [com.google.android.gms:play-services-basement:8.4.0] AndroidManifest.xml:21:9-23:69
MERGED from [com.google.android.gms:play-services-basement:8.4.0] AndroidManifest.xml:21:9-23:69
MERGED from [com.google.android.gms:play-services-basement:8.4.0] AndroidManifest.xml:21:9-23:69
MERGED from [com.google.android.gms:play-services-basement:8.4.0] AndroidManifest.xml:21:9-23:69
MERGED from [com.google.android.gms:play-services-basement:8.4.0] AndroidManifest.xml:21:9-23:69
MERGED from [com.google.android.gms:play-services-basement:8.4.0] AndroidManifest.xml:21:9-23:69
MERGED from [com.google.android.gms:play-services-basement:8.4.0] AndroidManifest.xml:21:9-23:69
MERGED from [com.google.android.gms:play-services-basement:8.4.0] AndroidManifest.xml:21:9-23:69
MERGED from [com.google.android.gms:play-services-basement:8.4.0] AndroidManifest.xml:21:9-23:69
MERGED from [com.google.android.gms:play-services-basement:8.4.0] AndroidManifest.xml:21:9-23:69
MERGED from [com.google.android.gms:play-services-basement:8.4.0] AndroidManifest.xml:21:9-23:69
MERGED from [com.google.android.gms:play-services-basement:8.4.0] AndroidManifest.xml:21:9-23:69
MERGED from [com.google.android.gms:play-services-basement:8.4.0] AndroidManifest.xml:21:9-23:69
MERGED from [com.google.android.gms:play-services-basement:8.4.0] AndroidManifest.xml:21:9-23:69
MERGED from [com.google.android.gms:play-services-basement:8.4.0] AndroidManifest.xml:21:9-23:69
MERGED from [com.google.android.gms:play-services-basement:8.4.0] AndroidManifest.xml:21:9-23:69
	android:value
		ADDED from src\main\AndroidManifest.xml:31:13-66
	android:name
		ADDED from src\main\AndroidManifest.xml:30:13-58
meta-data#com.google.android.geo.API_KEY
ADDED from src\main\AndroidManifest.xml:40:9-42:55
	android:value
		ADDED from src\main\AndroidManifest.xml:42:13-52
	android:name
		ADDED from src\main\AndroidManifest.xml:41:13-58
activity#com.example.maxime.supfitness.MainActivity
ADDED from src\main\AndroidManifest.xml:44:9-50:20
	android:name
		ADDED from src\main\AndroidManifest.xml:44:19-47
intent-filter#android.intent.action.MAIN+android.intent.category.LAUNCHER
ADDED from src\main\AndroidManifest.xml:45:13-49:29
action#android.intent.action.MAIN
ADDED from src\main\AndroidManifest.xml:46:17-69
	android:name
		ADDED from src\main\AndroidManifest.xml:46:25-66
category#android.intent.category.LAUNCHER
ADDED from src\main\AndroidManifest.xml:48:17-77
	android:name
		ADDED from src\main\AndroidManifest.xml:48:27-74
activity#com.google.android.gms.ads.AdActivity
ADDED from [com.google.android.gms:play-services-ads:8.4.0] AndroidManifest.xml:26:9-29:64
	android:configChanges
		ADDED from [com.google.android.gms:play-services-ads:8.4.0] AndroidManifest.xml:28:13-122
	android:theme